#
# There is insufficient memory for the Java Runtime Environment to continue.
# Native memory allocation (mmap) failed to map 260046848 bytes for G1 virtual space
# Possible reasons:
#   The system is out of physical RAM or swap space
#   The process is running with CompressedOops enabled, and the Java Heap may be blocking the growth of the native heap
# Possible solutions:
#   Reduce memory load on the system
#   Increase physical memory or swap space
#   Check if swap backing store is full
#   Decrease Java heap size (-Xmx/-Xms)
#   Decrease number of Java threads
#   Decrease Java thread stack sizes (-Xss)
#   Set larger code cache with -XX:ReservedCodeCacheSize=
#   JVM is running with Zero Based Compressed Oops mode in which the Java heap is
#     placed in the first 32GB address space. The Java Heap base address is the
#     maximum limit for the native heap growth. Please use -XX:HeapBaseMinAddress
#     to set the Java Heap base and to place the Java Heap above 32GB virtual address.
# This output file may be truncated or incomplete.
#
#  Out of Memory Error (os_windows.cpp:3769), pid=13144, tid=6392
#
# JRE version:  (17.0.6) (build )
# Java VM: OpenJDK 64-Bit Server VM (17.0.6+0-b2043.56-10027231, mixed mode, sharing, tiered, compressed oops, compressed class ptrs, g1 gc, windows-amd64)
# No core dump will be written. Minidumps are not enabled by default on client versions of Windows
#

---------------  S U M M A R Y ------------

Command Line: git4idea.http.GitAskPassApp Username for 'https://github.com': 

Host: AMD Ryzen 7 5800HS with Radeon Graphics        , 16 cores, 15G,  Windows 10 , 64 bit Build 19041 (10.0.19041.3636)
Time: Thu Jan 25 12:09:22 2024 RTZ 2 (s 10 , 64 bit Build 19041 (10.0.19041.3636) elapsed time: 0.006323 seconds (0d 0h 0m 0s)

---------------  T H R E A D  ---------------

Current thread (0x00000217cadc98a0):  JavaThread "Unknown thread" [_thread_in_vm, id=6392, stack(0x000000331ba00000,0x000000331bb00000)]

Stack: [0x000000331ba00000,0x000000331bb00000]
Native frames: (J=compiled Java code, j=interpreted, Vv=VM code, C=native code)
V  [jvm.dll+0x683c9a]
V  [jvm.dll+0x8427a4]
V  [jvm.dll+0x843f9e]
V  [jvm.dll+0x844603]
V  [jvm.dll+0x249b75]
V  [jvm.dll+0x680b69]
V  [jvm.dll+0x67505a]
V  [jvm.dll+0x309acb]
V  [jvm.dll+0x310f86]
V  [jvm.dll+0x3608ee]
V  [jvm.dll+0x360b1f]
V  [jvm.dll+0x2dfbf8]
V  [jvm.dll+0x2e0b64]
V  [jvm.dll+0x814091]
V  [jvm.dll+0x36e6a1]
V  [jvm.dll+0x7f35cc]
V  [jvm.dll+0x3f0e8f]
V  [jvm.dll+0x3f29d1]
C  [jli.dll+0x526b]
C  [ucrtbase.dll+0x21bb2]
C  [KERNEL32.DLL+0x17344]
C  [ntdll.dll+0x526b1]


---------------  P R O C E S S  ---------------

Threads class SMR info:
_java_thread_list=0x00007fff03bbc058, length=0, elements={
}

Java Threads: ( => current thread )

Other Threads:
  0x00000217cae30b70 GCTaskThread "GC Thread#0" [stack: 0x000000331bb00000,0x000000331bc00000] [id=1980]
  0x00000217cae41030 ConcurrentGCThread "G1 Main Marker" [stack: 0x000000331bc00000,0x000000331bd00000] [id=7516]
  0x00000217cae420e0 ConcurrentGCThread "G1 Conc#0" [stack: 0x000000331bd00000,0x000000331be00000] [id=12636]

[error occurred during error reporting (printing all threads), id 0xc0000005, EXCEPTION_ACCESS_VIOLATION (0xc0000005) at pc=0x00007fff03370797]

VM state: not at safepoint (not fully initialized)

VM Mutex/Monitor currently owned by a thread:  ([mutex/lock_event])
[0x00000217cadc4da0] Heap_lock - owner thread: 0x00000217cadc98a0

Heap address: 0x0000000709800000, size: 3944 MB, Compressed Oops mode: Zero based, Oop shift amount: 3

CDS archive(s) mapped at: [0x0000000000000000-0x0000000000000000-0x0000000000000000), size 0, SharedBaseAddress: 0x0000000800000000, ArchiveRelocationMode: 0.
Narrow klass base: 0x0000000000000000, Narrow klass shift: 0, Narrow klass range: 0x0

GC Precious Log:
<Empty>

Heap:
 garbage-first heap   total 0K, used 0K [0x0000000709800000, 0x0000000800000000)
  region size 2048K, 0 young (0K), 0 survivors (0K)

[error occurred during error reporting (printing heap information), id 0xc0000005, EXCEPTION_ACCESS_VIOLATION (0xc0000005) at pc=0x00007fff0375da89]

GC Heap History (0 events):
No events

Dll operation events (1 events):
Event: 0.004 Loaded shared library D:\Programing\Android Studio\Android Studio\jbr\bin\java.dll

Deoptimization events (0 events):
No events

Classes unloaded (0 events):
No events

Classes redefined (0 events):
No events

Internal exceptions (0 events):
No events

VM Operations (0 events):
No events

Events (0 events):
No events


Dynamic libraries:
0x00007ff787e60000 - 0x00007ff787e6a000 	D:\Programing\Android Studio\Android Studio\jbr\bin\java.exe
0x00007fff64050000 - 0x00007fff64248000 	C:\WINDOWS\SYSTEM32\ntdll.dll
0x00007fff62590000 - 0x00007fff6264d000 	C:\WINDOWS\System32\KERNEL32.DLL
0x00007fff61d70000 - 0x00007fff62066000 	C:\WINDOWS\System32\KERNELBASE.dll
0x00007fff617b0000 - 0x00007fff618b0000 	C:\WINDOWS\System32\ucrtbase.dll
0x00007fff370e0000 - 0x00007fff370f7000 	D:\Programing\Android Studio\Android Studio\jbr\bin\jli.dll
0x00007fff4ba20000 - 0x00007fff4ba3b000 	D:\Programing\Android Studio\Android Studio\jbr\bin\VCRUNTIME140.dll
0x00007fff62790000 - 0x00007fff6292e000 	C:\WINDOWS\System32\USER32.dll
0x00007fff61920000 - 0x00007fff61942000 	C:\WINDOWS\System32\win32u.dll
0x00007fff62700000 - 0x00007fff6272c000 	C:\WINDOWS\System32\GDI32.dll
0x00007fff4f3f0000 - 0x00007fff4f68a000 	C:\WINDOWS\WinSxS\amd64_microsoft.windows.common-controls_6595b64144ccf1df_6.0.19041.3636_none_60b6a03d71f818d5\COMCTL32.dll
0x00007fff61c50000 - 0x00007fff61d6a000 	C:\WINDOWS\System32\gdi32full.dll
0x00007fff63ce0000 - 0x00007fff63d7e000 	C:\WINDOWS\System32\msvcrt.dll
0x00007fff61950000 - 0x00007fff619ed000 	C:\WINDOWS\System32\msvcp_win.dll
0x00007fff63550000 - 0x00007fff63580000 	C:\WINDOWS\System32\IMM32.DLL
0x00007fff4ba10000 - 0x00007fff4ba1c000 	D:\Programing\Android Studio\Android Studio\jbr\bin\vcruntime140_1.dll
0x00007fff04a70000 - 0x00007fff04afd000 	D:\Programing\Android Studio\Android Studio\jbr\bin\msvcp140.dll
0x00007fff03080000 - 0x00007fff03cee000 	D:\Programing\Android Studio\Android Studio\jbr\bin\server\jvm.dll
0x00007fff636a0000 - 0x00007fff63753000 	C:\WINDOWS\System32\ADVAPI32.dll
0x00007fff63b10000 - 0x00007fff63baf000 	C:\WINDOWS\System32\sechost.dll
0x00007fff63bb0000 - 0x00007fff63cd6000 	C:\WINDOWS\System32\RPCRT4.dll
0x00007fff62070000 - 0x00007fff62097000 	C:\WINDOWS\System32\bcrypt.dll
0x00007fff56500000 - 0x00007fff56527000 	C:\WINDOWS\SYSTEM32\WINMM.dll
0x00007fff5b0c0000 - 0x00007fff5b0c9000 	C:\WINDOWS\SYSTEM32\WSOCK32.dll
0x00007fff63e10000 - 0x00007fff63e7b000 	C:\WINDOWS\System32\WS2_32.dll
0x00007fff599d0000 - 0x00007fff599da000 	C:\WINDOWS\SYSTEM32\VERSION.dll
0x00007fff5f5b0000 - 0x00007fff5f5c2000 	C:\WINDOWS\SYSTEM32\kernel.appcore.dll
0x00007fff54a70000 - 0x00007fff54a7a000 	D:\Programing\Android Studio\Android Studio\jbr\bin\jimage.dll
0x00007fff56900000 - 0x00007fff56ae4000 	C:\WINDOWS\SYSTEM32\DBGHELP.DLL
0x00007fff54d30000 - 0x00007fff54d64000 	C:\WINDOWS\SYSTEM32\dbgcore.DLL
0x00007fff61720000 - 0x00007fff617a2000 	C:\WINDOWS\System32\bcryptPrimitives.dll
0x00007fff42880000 - 0x00007fff428a5000 	D:\Programing\Android Studio\Android Studio\jbr\bin\java.dll

dbghelp: loaded successfully - version: 4.0.5 - missing functions: none
symbol engine: initialized successfully - sym options: 0x614 - pdb path: .;D:\Programing\Android Studio\Android Studio\jbr\bin;C:\WINDOWS\SYSTEM32;C:\WINDOWS\WinSxS\amd64_microsoft.windows.common-controls_6595b64144ccf1df_6.0.19041.3636_none_60b6a03d71f818d5;D:\Programing\Android Studio\Android Studio\jbr\bin\server

VM Arguments:
java_command: git4idea.http.GitAskPassApp Username for 'https://github.com': 
java_class_path (initial): D:/Programing/Android Studio/Android Studio/plugins/vcs-git/lib/git4idea-rt.jar;D:/Programing/Android Studio/Android Studio/lib/externalProcess-rt.jar;D:/Programing/Android Studio/Android Studio/lib/app.jar;D:/Programing/Android Studio/Android Studio/lib/3rd-party-rt.jar
Launcher Type: SUN_STANDARD

[Global flags]
     intx CICompilerCount                          = 12                                        {product} {ergonomic}
     uint ConcGCThreads                            = 3                                         {product} {ergonomic}
     uint G1ConcRefinementThreads                  = 13                                        {product} {ergonomic}
   size_t G1HeapRegionSize                         = 2097152                                   {product} {ergonomic}
    uintx GCDrainStackTargetSize                   = 64                                        {product} {ergonomic}
   size_t InitialHeapSize                          = 260046848                                 {product} {ergonomic}
   size_t MarkStackSize                            = 4194304                                   {product} {ergonomic}
   size_t MaxHeapSize                              = 4135583744                                {product} {ergonomic}
   size_t MinHeapDeltaBytes                        = 2097152                                   {product} {ergonomic}
   size_t MinHeapSize                              = 8388608                                   {product} {ergonomic}
    uintx NonNMethodCodeHeapSize                   = 7602480                                {pd product} {ergonomic}
    uintx NonProfiledCodeHeapSize                  = 122027880                              {pd product} {ergonomic}
    uintx ProfiledCodeHeapSize                     = 122027880                              {pd product} {ergonomic}
    uintx ReservedCodeCacheSize                    = 251658240                              {pd product} {ergonomic}
     bool SegmentedCodeCache                       = true                                      {product} {ergonomic}
   size_t SoftMaxHeapSize                          = 4135583744                             {manageable} {ergonomic}
     bool UseCompressedClassPointers               = true                           {product lp64_product} {ergonomic}
     bool UseCompressedOops                        = true                           {product lp64_product} {ergonomic}
     bool UseG1GC                                  = true                                      {product} {ergonomic}
     bool UseLargePagesIndividualAllocation        = false                                  {pd product} {ergonomic}

Logging:
Log output configuration:
 #0: stdout all=warning uptime,level,tags
 #1: stderr all=off uptime,level,tags

Environment Variables:
PATH=C:/Program Files/Git/mingw64/libexec/git-core;C:/Program Files/Git/mingw64/libexec/git-core;C:\Program Files\Git\mingw64\bin;C:\Program Files\Git\usr\bin;C:\Users\User\bin;C:\Program Files (x86)\Common Files\Oracle\Java\javapath;C:\WINDOWS\system32;C:\WINDOWS;C:\WINDOWS\System32\Wbem;C:\WINDOWS\System32\WindowsPowerShell\v1.0\;C:\WINDOWS\System32\OpenSSH\;C:\Program Files\Microsoft SQL Server\150\Tools\Binn\;C:\Program Files\Microsoft SQL Server\Client SDK\ODBC\170\Tools\Binn\;C:\Program Files\dotnet\;C:\Program Files (x86)\Windows Kits\10\Windows Performance Toolkit\;C:\Program Files\Git\cmd;C:\Users\User\AppData\Local\Microsoft\WindowsApps;C:\Users\User\.dotnet\tools
USERNAME=User
DISPLAY=:0.0
LC_ALL=en_US.UTF-8
TERM=xterm-256color
TMPDIR=C:\Users\User\AppData\Local\Temp
OS=Windows_NT
PROCESSOR_IDENTIFIER=AMD64 Family 25 Model 80 Stepping 0, AuthenticAMD
TMP=C:\Users\User\AppData\Local\Temp
TEMP=C:\Users\User\AppData\Local\Temp


JNI global refs:

[error occurred during error reporting (JNI global references), id 0xc0000005, EXCEPTION_ACCESS_VIOLATION (0xc0000005) at pc=0x00007fff03137a10]


---------------  S Y S T E M  ---------------

OS:
 Windows 10 , 64 bit Build 19041 (10.0.19041.3636)
OS uptime: 0 days 0:44 hours

CPU: total 16 (initial active 16) (16 cores per cpu, 2 threads per core) family 25 model 80 stepping 0 microcode 0x0, cx8, cmov, fxsr, ht, mmx, 3dnowpref, sse, sse2, sse3, ssse3, sse4a, sse4.1, sse4.2, popcnt, lzcnt, tsc, tscinvbit, avx, avx2, aes, erms, clmul, bmi1, bmi2, adx, sha, fma, vzeroupper, clflush, clflushopt

Memory: 4k page, system-wide physical 15775M (1159M free)
TotalPageFile size 18706M (AvailPageFile size 134M)
current process WorkingSet (physical memory assigned to process): 10M, peak: 10M
current process commit charge ("private bytes"): 70M, peak: 318M

vm_info: OpenJDK 64-Bit Server VM (17.0.6+0-b2043.56-10027231) for windows-amd64 JRE (17.0.6+0-b2043.56-10027231), built on Apr 28 2023 00:43:19 by "androidbuild" with MS VC++ 16.10 / 16.11 (VS2019)

END.
